<?xml version="1.0" encoding="UTF-8"?>
<testng-results ignored="0" total="1" passed="1" failed="0" skipped="0">
  <reporter-output>
  </reporter-output>
  <suite started-at="2024-06-24T15:48:40 IST" name="Default suite" finished-at="2024-06-24T15:48:46 IST" duration-ms="5815">
    <groups>
    </groups>
    <test started-at="2024-06-24T15:48:40 IST" name="Default test" finished-at="2024-06-24T15:48:46 IST" duration-ms="5815">
      <class name="Tests.HomePageTestng">
        <test-method signature="test_homepageTest()[pri:0, instance:Tests.HomePageTestng@2e3967ea]" started-at="2024-06-24T15:48:40 IST" name="test_homepageTest" finished-at="2024-06-24T15:48:45 IST" duration-ms="5194" status="PASS">
          <reporter-output>
          </reporter-output>
        </test-method> <!-- test_homepageTest -->
        <test-method is-config="true" signature="tearDown()[pri:0, instance:Tests.HomePageTestng@2e3967ea]" started-at="2024-06-24T15:48:45 IST" name="tearDown" finished-at="2024-06-24T15:48:46 IST" duration-ms="584" status="PASS">
          <reporter-output>
          </reporter-output>
        </test-method> <!-- tearDown -->
      </class> <!-- Tests.HomePageTestng -->
    </test> <!-- Default test -->
  </suite> <!-- Default suite -->
</testng-results>
